0 info it worked if it ends with ok
1 verbose cli [ 'node', '/home/ubuntu/.nvm/v0.10.35/bin/npm', 'start' ]
2 info using npm@2.13.0
3 info using node@v0.10.35
4 verbose run-script [ 'prestart', 'start', 'poststart' ]
5 info prestart freightinsight@0.0.0
6 info start freightinsight@0.0.0
7 verbose unsafe-perm in lifecycle true
8 info freightinsight@0.0.0 Failed to exec start script
9 verbose stack Error: freightinsight@0.0.0 start: `node server/app.js`
9 verbose stack Exit status 8
9 verbose stack     at EventEmitter.<anonymous> (/home/ubuntu/.nvm/v0.10.35/lib/node_modules/npm/lib/utils/lifecycle.js:213:16)
9 verbose stack     at EventEmitter.emit (events.js:98:17)
9 verbose stack     at ChildProcess.<anonymous> (/home/ubuntu/.nvm/v0.10.35/lib/node_modules/npm/lib/utils/spawn.js:24:14)
9 verbose stack     at ChildProcess.emit (events.js:98:17)
9 verbose stack     at maybeClose (child_process.js:766:16)
9 verbose stack     at Process.ChildProcess._handle.onexit (child_process.js:833:5)
10 verbose pkgid freightinsight@0.0.0
11 verbose cwd /home/ubuntu/workspace/client/app
12 error Linux 3.14.13-c9
13 error argv "node" "/home/ubuntu/.nvm/v0.10.35/bin/npm" "start"
14 error node v0.10.35
15 error npm  v2.13.0
16 error code ELIFECYCLE
17 error freightinsight@0.0.0 start: `node server/app.js`
17 error Exit status 8
18 error Failed at the freightinsight@0.0.0 start script 'node server/app.js'.
18 error This is most likely a problem with the freightinsight package,
18 error not with npm itself.
18 error Tell the author that this fails on your system:
18 error     node server/app.js
18 error You can get their info via:
18 error     npm owner ls freightinsight
18 error There is likely additional logging output above.
19 verbose exit [ 1, true ]
